TN:
SF:src\app.js
FN:18,(anonymous_0)
FN:39,(anonymous_1)
FN:53,(anonymous_2)
FNF:3
FNH:0
FNDA:0,(anonymous_0)
FNDA:0,(anonymous_1)
FNDA:0,(anonymous_2)
DA:1,1
DA:2,1
DA:3,1
DA:4,1
DA:6,1
DA:8,1
DA:11,1
DA:12,1
DA:13,1
DA:14,1
DA:15,1
DA:18,1
DA:19,0
DA:39,1
DA:40,0
DA:49,1
DA:50,1
DA:53,1
DA:54,0
DA:64,1
DA:65,1
DA:67,1
LF:22
LH:19
BRDA:44,0,0,0
BRDA:44,0,1,0
BRF:2
BRH:0
end_of_record
TN:
SF:src\controllers\notesController.js
FN:4,(anonymous_0)
FN:85,(anonymous_1)
FN:109,(anonymous_2)
FN:137,(anonymous_3)
FN:180,(anonymous_4)
FN:206,(anonymous_5)
FN:236,(anonymous_6)
FN:264,(anonymous_7)
FN:292,(anonymous_8)
FN:300,(anonymous_9)
FN:315,(anonymous_10)
FNF:11
FNH:6
FNDA:4,(anonymous_0)
FNDA:0,(anonymous_1)
FNDA:1,(anonymous_2)
FNDA:2,(anonymous_3)
FNDA:2,(anonymous_4)
FNDA:0,(anonymous_5)
FNDA:2,(anonymous_6)
FNDA:0,(anonymous_7)
FNDA:0,(anonymous_8)
FNDA:0,(anonymous_9)
FNDA:3,(anonymous_10)
DA:1,1
DA:2,1
DA:4,1
DA:5,4
DA:17,4
DA:19,4
DA:22,4
DA:25,4
DA:26,0
DA:33,4
DA:34,1
DA:38,4
DA:41,4
DA:42,0
DA:46,4
DA:47,0
DA:51,4
DA:52,4
DA:55,4
DA:66,4
DA:77,0
DA:85,1
DA:86,0
DA:87,0
DA:89,0
DA:90,0
DA:96,0
DA:101,0
DA:109,1
DA:110,1
DA:111,1
DA:113,1
DA:122,1
DA:128,0
DA:129,0
DA:137,1
DA:138,2
DA:139,2
DA:141,2
DA:156,2
DA:157,1
DA:164,1
DA:166,1
DA:172,0
DA:180,1
DA:181,2
DA:182,2
DA:186,2
DA:187,1
DA:193,1
DA:198,0
DA:206,1
DA:207,0
DA:208,0
DA:210,0
DA:221,0
DA:228,0
DA:236,1
DA:237,2
DA:238,2
DA:240,2
DA:241,0
DA:247,2
DA:248,2
DA:250,2
DA:256,0
DA:264,1
DA:265,0
DA:266,0
DA:268,0
DA:269,0
DA:275,0
DA:276,0
DA:278,0
DA:284,0
DA:292,1
DA:293,0
DA:294,0
DA:300,0
DA:302,0
DA:307,0
DA:315,1
DA:316,3
DA:317,3
DA:319,3
DA:320,1
DA:326,2
DA:344,2
DA:351,0
DA:358,1
LF:90
LH:55
BRDA:8,0,0,4
BRDA:9,1,0,4
BRDA:12,2,0,3
BRDA:15,3,0,4
BRDA:16,4,0,4
BRDA:25,5,0,0
BRDA:25,5,1,4
BRDA:33,6,0,1
BRDA:33,6,1,3
BRDA:41,7,0,0
BRDA:41,7,1,4
BRDA:46,8,0,0
BRDA:46,8,1,4
BRDA:52,9,0,0
BRDA:52,9,1,4
BRDA:89,10,0,0
BRDA:89,10,1,0
BRDA:116,11,0,1
BRDA:116,11,1,0
BRDA:117,12,0,1
BRDA:117,12,1,0
BRDA:118,13,0,1
BRDA:118,13,1,1
BRDA:119,14,0,1
BRDA:119,14,1,0
BRDA:156,15,0,1
BRDA:156,15,1,1
BRDA:186,16,0,1
BRDA:186,16,1,1
BRDA:240,17,0,0
BRDA:240,17,1,2
BRDA:253,18,0,1
BRDA:253,18,1,1
BRDA:268,19,0,0
BRDA:268,19,1,0
BRDA:281,20,0,0
BRDA:281,20,1,0
BRDA:319,21,0,1
BRDA:319,21,1,2
BRF:39
BRH:25
end_of_record
TN:
SF:src\middleware\errorHandler.js
FN:1,(anonymous_0)
FN:13,(anonymous_1)
FNF:2
FNH:0
FNDA:0,(anonymous_0)
FNDA:0,(anonymous_1)
DA:1,1
DA:2,0
DA:3,0
DA:6,0
DA:7,0
DA:8,0
DA:12,0
DA:13,0
DA:14,0
DA:22,0
DA:23,0
DA:24,0
DA:25,0
DA:33,0
DA:34,0
DA:35,0
DA:43,0
DA:44,0
DA:45,0
DA:53,0
DA:54,0
DA:55,0
DA:63,0
DA:64,0
DA:65,0
DA:73,0
DA:83,1
LF:27
LH:2
BRDA:6,0,0,0
BRDA:6,0,1,0
BRDA:12,1,0,0
BRDA:12,1,1,0
BRDA:22,2,0,0
BRDA:22,2,1,0
BRDA:23,3,0,0
BRDA:23,3,1,0
BRDA:33,4,0,0
BRDA:33,4,1,0
BRDA:43,5,0,0
BRDA:43,5,1,0
BRDA:53,6,0,0
BRDA:53,6,1,0
BRDA:63,7,0,0
BRDA:63,7,1,0
BRDA:73,8,0,0
BRDA:73,8,1,0
BRDA:76,9,0,0
BRDA:76,9,1,0
BRDA:77,10,0,0
BRDA:77,10,1,0
BRDA:78,11,0,0
BRDA:78,11,1,0
BRF:24
BRH:0
end_of_record
TN:
SF:src\middleware\validation.js
FN:2,(anonymous_0)
FN:50,(anonymous_1)
FN:70,(anonymous_2)
FNF:3
FNH:3
FNDA:6,(anonymous_0)
FNDA:2,(anonymous_1)
FNDA:6,(anonymous_2)
DA:2,1
DA:3,6
DA:6,6
DA:7,1
DA:16,5
DA:17,0
DA:24,5
DA:25,1
DA:32,4
DA:33,0
DA:41,4
DA:42,1
DA:50,3
DA:51,0
DA:59,3
DA:60,0
DA:66,3
DA:70,1
DA:71,6
DA:72,6
DA:74,6
DA:75,0
DA:83,6
DA:86,1
LF:24
LH:19
BRDA:6,0,0,1
BRDA:6,0,1,5
BRDA:6,1,0,6
BRDA:6,1,1,5
BRDA:16,2,0,0
BRDA:16,2,1,5
BRDA:16,3,0,5
BRDA:16,3,1,5
BRDA:24,4,0,1
BRDA:24,4,1,4
BRDA:24,5,0,5
BRDA:24,5,1,4
BRDA:32,6,0,0
BRDA:32,6,1,4
BRDA:41,7,0,1
BRDA:41,7,1,3
BRDA:41,8,0,4
BRDA:41,8,1,3
BRDA:50,9,0,0
BRDA:50,9,1,3
BRDA:50,10,0,3
BRDA:50,10,1,1
BRDA:50,10,2,1
BRDA:59,11,0,0
BRDA:59,11,1,3
BRDA:59,12,0,3
BRDA:59,12,1,2
BRDA:59,12,2,2
BRDA:74,13,0,0
BRDA:74,13,1,6
BRF:30
BRH:25
end_of_record
TN:
SF:src\models\Note.js
FN:44,(anonymous_0)
FN:48,(anonymous_1)
FNF:2
FNH:2
FNDA:6,(anonymous_0)
FNDA:2,(anonymous_1)
DA:1,1
DA:2,1
DA:4,1
DA:45,6
DA:46,0
DA:48,6
DA:49,0
DA:85,1
LF:8
LH:6
BRDA:45,0,0,0
BRDA:45,0,1,6
BRDA:45,1,0,6
BRDA:45,1,1,6
BRDA:48,2,0,0
BRDA:48,2,1,6
BRDA:48,3,0,6
BRDA:48,3,1,6
BRF:8
BRH:6
end_of_record
TN:
SF:src\models\index.js
FNF:0
FNH:0
DA:2,1
DA:3,1
DA:5,1
LF:3
LH:3
BRF:0
BRH:0
end_of_record
TN:
SF:src\routes\notes.js
FNF:0
FNH:0
DA:1,1
DA:13,1
DA:15,1
DA:17,1
DA:27,1
DA:28,1
DA:29,1
DA:32,1
DA:36,1
DA:42,1
DA:43,1
DA:45,1
LF:12
LH:12
BRF:0
BRH:0
end_of_record
